<?xml version="1.0" encoding="UTF-8"?>
<!-- Generated by org.testng.reporters.JUnitReportReporter -->
<testsuite hostname="DELL" failures="0" tests="3" name="LoginSeleTest.LoginSelenium" time="14.348" errors="0" timestamp="2024-03-18T22:25:27 IST" skipped="0">
  <testcase classname="LoginSeleTest.LoginSelenium" name="testLogin" time="4.761"/>
  <testcase classname="LoginSeleTest.LoginSelenium" name="testLogin" time="4.704"/>
  <testcase classname="LoginSeleTest.LoginSelenium" name="testLogin" time="4.883"/>
</testsuite> <!-- LoginSeleTest.LoginSelenium -->
